#! /usr/bin/vvp
:ivl_version "12.0 (stable)";
:ivl_delay_selection "TYPICAL";
:vpi_time_precision - 12;
:vpi_module "/usr/lib/x86_64-linux-gnu/ivl/system.vpi";
:vpi_module "/usr/lib/x86_64-linux-gnu/ivl/vhdl_sys.vpi";
:vpi_module "/usr/lib/x86_64-linux-gnu/ivl/vhdl_textio.vpi";
:vpi_module "/usr/lib/x86_64-linux-gnu/ivl/v2005_math.vpi";
:vpi_module "/usr/lib/x86_64-linux-gnu/ivl/va_math.vpi";
S_0x575fec276c40 .scope module, "tb_hc_sr04" "tb_hc_sr04" 2 4;
 .timescale -9 -12;
v0x575fec299cd0_0 .var "clk", 0 0;
v0x575fec299dc0_0 .net "distanceRAW", 23 0, v0x575fec298af0_0;  1 drivers
v0x575fec299e80_0 .net "distance_cm", 15 0, v0x575fec298bd0_0;  1 drivers
v0x575fec299f20_0 .var "echo", 0 0;
v0x575fec299ff0_0 .net "measure", 0 0, L_0x575fec2aa450;  1 drivers
v0x575fec29a130_0 .net "ready", 0 0, L_0x575fec2aa580;  1 drivers
v0x575fec29a1d0_0 .var "rst", 0 0;
v0x575fec29a270_0 .net "state", 1 0, v0x575fec2992b0_0;  1 drivers
v0x575fec29a340_0 .net "trig", 0 0, L_0x575fec25ea20;  1 drivers
E_0x575fec26e4a0 .event posedge, v0x575fec299390_0;
S_0x575fec276dd0 .scope module, "dut" "hc_sr04" 2 27, 3 1 0, S_0x575fec276c40;
 .timescale 0 0;
    .port_info 0 /INPUT 1 "clk";
    .port_info 1 /INPUT 1 "rst";
    .port_info 2 /INPUT 1 "measure";
    .port_info 3 /OUTPUT 2 "state";
    .port_info 4 /OUTPUT 1 "ready";
    .port_info 5 /INPUT 1 "echo";
    .port_info 6 /OUTPUT 1 "trig";
    .port_info 7 /OUTPUT 24 "distanceRAW";
    .port_info 8 /OUTPUT 16 "distance_cm";
P_0x575fec25eec0 .param/l "COUNTECHO" 1 3 21, C4<10>;
P_0x575fec25ef00 .param/l "IDLE" 1 3 18, C4<00>;
P_0x575fec25ef40 .param/l "TRIGGER" 1 3 19, C4<01>;
P_0x575fec25ef80 .param/l "WAIT" 1 3 20, C4<11>;
P_0x575fec25efc0 .param/l "ten_us" 0 3 2, +C4<00000000000000000000000001111000>;
L_0x575fec25ea20 .functor BUFZ 1, L_0x575fec2aa850, C4<0>, C4<0>, C4<0>;
L_0x78d00af570a8 .functor BUFT 1, C4<00>, C4<0>, C4<0>, C4<0>;
v0x575fec25ebc0_0 .net/2u *"_ivl_0", 1 0, L_0x78d00af570a8;  1 drivers
L_0x78d00af57180 .functor BUFT 1, C4<11>, C4<0>, C4<0>, C4<0>;
v0x575fec264470_0 .net/2u *"_ivl_12", 1 0, L_0x78d00af57180;  1 drivers
L_0x78d00af571c8 .functor BUFT 1, C4<10>, C4<0>, C4<0>, C4<0>;
v0x575fec264c60_0 .net/2u *"_ivl_16", 1 0, L_0x78d00af571c8;  1 drivers
v0x575fec2984a0_0 .net *"_ivl_22", 31 0, L_0x575fec2aac60;  1 drivers
L_0x78d00af57210 .functor BUFT 1, C4<0000000000000000000000>, C4<0>, C4<0>, C4<0>;
v0x575fec298580_0 .net *"_ivl_25", 21 0, L_0x78d00af57210;  1 drivers
L_0x78d00af57258 .functor BUFT 1, C4<00000000000000000000000001111000>, C4<0>, C4<0>, C4<0>;
v0x575fec2986b0_0 .net/2u *"_ivl_26", 31 0, L_0x78d00af57258;  1 drivers
L_0x78d00af570f0 .functor BUFT 1, C4<00>, C4<0>, C4<0>, C4<0>;
v0x575fec298790_0 .net/2u *"_ivl_4", 1 0, L_0x78d00af570f0;  1 drivers
L_0x78d00af57138 .functor BUFT 1, C4<01>, C4<0>, C4<0>, C4<0>;
v0x575fec298870_0 .net/2u *"_ivl_8", 1 0, L_0x78d00af57138;  1 drivers
v0x575fec298950_0 .net "clk", 0 0, v0x575fec299cd0_0;  1 drivers
v0x575fec298a10_0 .var "counter", 9 0;
v0x575fec298af0_0 .var "distanceRAW", 23 0;
v0x575fec298bd0_0 .var "distance_cm", 15 0;
v0x575fec298cb0_0 .net "echo", 0 0, v0x575fec299f20_0;  1 drivers
v0x575fec298d70_0 .net "inCOUNTECHO", 0 0, L_0x575fec2aaaa0;  1 drivers
v0x575fec298e30_0 .net "inIDLE", 0 0, L_0x575fec2aa710;  1 drivers
v0x575fec298ef0_0 .net "inTRIGGER", 0 0, L_0x575fec2aa850;  1 drivers
v0x575fec298fb0_0 .net "inWAIT", 0 0, L_0x575fec2aa980;  1 drivers
v0x575fec299070_0 .net "measure", 0 0, L_0x575fec2aa450;  alias, 1 drivers
v0x575fec299130_0 .net "ready", 0 0, L_0x575fec2aa580;  alias, 1 drivers
v0x575fec2991f0_0 .net "rst", 0 0, v0x575fec29a1d0_0;  1 drivers
v0x575fec2992b0_0 .var "state", 1 0;
v0x575fec299390_0 .net "trig", 0 0, L_0x575fec25ea20;  alias, 1 drivers
v0x575fec299450_0 .net "trigcountDONE", 0 0, L_0x575fec2aae50;  1 drivers
E_0x575fec26ec10 .event posedge, v0x575fec298950_0;
E_0x575fec270540 .event posedge, v0x575fec2991f0_0, v0x575fec298950_0;
L_0x575fec2aa580 .cmp/eq 2, v0x575fec2992b0_0, L_0x78d00af570a8;
L_0x575fec2aa710 .cmp/eq 2, v0x575fec2992b0_0, L_0x78d00af570f0;
L_0x575fec2aa850 .cmp/eq 2, v0x575fec2992b0_0, L_0x78d00af57138;
L_0x575fec2aa980 .cmp/eq 2, v0x575fec2992b0_0, L_0x78d00af57180;
L_0x575fec2aaaa0 .cmp/eq 2, v0x575fec2992b0_0, L_0x78d00af571c8;
L_0x575fec2aac60 .concat [ 10 22 0 0], v0x575fec298a10_0, L_0x78d00af57210;
L_0x575fec2aae50 .cmp/eq 32, L_0x575fec2aac60, L_0x78d00af57258;
S_0x575fec299630 .scope module, "refresher" "refresher250ms" 2 20, 3 107 0, S_0x575fec276c40;
 .timescale 0 0;
    .port_info 0 /INPUT 1 "clk";
    .port_info 1 /INPUT 1 "en";
    .port_info 2 /OUTPUT 1 "measure";
L_0x78d00af57018 .functor BUFT 1, C4<0000000000000000000001>, C4<0>, C4<0>, C4<0>;
v0x575fec299880_0 .net/2u *"_ivl_0", 21 0, L_0x78d00af57018;  1 drivers
v0x575fec299980_0 .net "clk", 0 0, v0x575fec299cd0_0;  alias, 1 drivers
v0x575fec299a40_0 .var "counter", 21 0;
L_0x78d00af57060 .functor BUFT 1, C4<1>, C4<0>, C4<0>, C4<0>;
v0x575fec299ae0_0 .net "en", 0 0, L_0x78d00af57060;  1 drivers
v0x575fec299b80_0 .net "measure", 0 0, L_0x575fec2aa450;  alias, 1 drivers
L_0x575fec2aa450 .cmp/eq 22, v0x575fec299a40_0, L_0x78d00af57018;
    .scope S_0x575fec299630;
T_0 ;
    %pushi/vec4 0, 0, 22;
    %store/vec4 v0x575fec299a40_0, 0, 22;
    %end;
    .thread T_0;
    .scope S_0x575fec299630;
T_1 ;
    %wait E_0x575fec26ec10;
    %load/vec4 v0x575fec299ae0_0;
    %inv;
    %flag_set/vec4 8;
    %jmp/1 T_1.2, 8;
    %load/vec4 v0x575fec299a40_0;
    %cmpi/e 100, 0, 22;
    %flag_or 8, 4;
T_1.2;
    %jmp/0xz  T_1.0, 8;
    %pushi/vec4 0, 0, 22;
    %assign/vec4 v0x575fec299a40_0, 0;
    %jmp T_1.1;
T_1.0 ;
    %load/vec4 v0x575fec299a40_0;
    %addi 1, 0, 22;
    %assign/vec4 v0x575fec299a40_0, 0;
T_1.1 ;
    %jmp T_1;
    .thread T_1;
    .scope S_0x575fec276dd0;
T_2 ;
    %wait E_0x575fec270540;
    %load/vec4 v0x575fec2991f0_0;
    %flag_set/vec4 8;
    %jmp/0xz  T_2.0, 8;
    %pushi/vec4 0, 0, 2;
    %assign/vec4 v0x575fec2992b0_0, 0;
    %jmp T_2.1;
T_2.0 ;
    %load/vec4 v0x575fec2992b0_0;
    %dup/vec4;
    %pushi/vec4 0, 0, 2;
    %cmp/u;
    %jmp/1 T_2.2, 6;
    %dup/vec4;
    %pushi/vec4 1, 0, 2;
    %cmp/u;
    %jmp/1 T_2.3, 6;
    %dup/vec4;
    %pushi/vec4 3, 0, 2;
    %cmp/u;
    %jmp/1 T_2.4, 6;
    %dup/vec4;
    %pushi/vec4 2, 0, 2;
    %cmp/u;
    %jmp/1 T_2.5, 6;
    %jmp T_2.6;
T_2.2 ;
    %load/vec4 v0x575fec299070_0;
    %flag_set/vec4 9;
    %flag_get/vec4 9;
    %jmp/0 T_2.9, 9;
    %load/vec4 v0x575fec299130_0;
    %and;
T_2.9;
    %flag_set/vec4 8;
    %jmp/0xz  T_2.7, 8;
    %pushi/vec4 1, 0, 2;
    %assign/vec4 v0x575fec2992b0_0, 0;
T_2.7 ;
    %jmp T_2.6;
T_2.3 ;
    %load/vec4 v0x575fec299450_0;
    %flag_set/vec4 8;
    %jmp/0xz  T_2.10, 8;
    %pushi/vec4 3, 0, 2;
    %assign/vec4 v0x575fec2992b0_0, 0;
T_2.10 ;
    %jmp T_2.6;
T_2.4 ;
    %load/vec4 v0x575fec298cb0_0;
    %flag_set/vec4 8;
    %jmp/0xz  T_2.12, 8;
    %pushi/vec4 2, 0, 2;
    %assign/vec4 v0x575fec2992b0_0, 0;
T_2.12 ;
    %jmp T_2.6;
T_2.5 ;
    %load/vec4 v0x575fec298cb0_0;
    %nor/r;
    %flag_set/vec4 8;
    %jmp/0xz  T_2.14, 8;
    %pushi/vec4 0, 0, 2;
    %assign/vec4 v0x575fec2992b0_0, 0;
T_2.14 ;
    %jmp T_2.6;
T_2.6 ;
    %pop/vec4 1;
T_2.1 ;
    %jmp T_2;
    .thread T_2;
    .scope S_0x575fec276dd0;
T_3 ;
    %wait E_0x575fec26ec10;
    %load/vec4 v0x575fec298e30_0;
    %flag_set/vec4 8;
    %jmp/0xz  T_3.0, 8;
    %pushi/vec4 0, 0, 10;
    %assign/vec4 v0x575fec298a10_0, 0;
    %jmp T_3.1;
T_3.0 ;
    %load/vec4 v0x575fec298a10_0;
    %pushi/vec4 0, 0, 9;
    %load/vec4 v0x575fec298a10_0;
    %or/r;
    %load/vec4 v0x575fec298ef0_0;
    %or;
    %concat/vec4; draw_concat_vec4
    %add;
    %assign/vec4 v0x575fec298a10_0, 0;
T_3.1 ;
    %jmp T_3;
    .thread T_3;
    .scope S_0x575fec276dd0;
T_4 ;
    %wait E_0x575fec26ec10;
    %load/vec4 v0x575fec298fb0_0;
    %flag_set/vec4 8;
    %jmp/0xz  T_4.0, 8;
    %pushi/vec4 0, 0, 24;
    %assign/vec4 v0x575fec298af0_0, 0;
    %jmp T_4.1;
T_4.0 ;
    %load/vec4 v0x575fec298af0_0;
    %pushi/vec4 0, 0, 21;
    %load/vec4 v0x575fec298d70_0;
    %concat/vec4; draw_concat_vec4
    %pad/u 24;
    %add;
    %assign/vec4 v0x575fec298af0_0, 0;
T_4.1 ;
    %jmp T_4;
    .thread T_4;
    .scope S_0x575fec276dd0;
T_5 ;
    %wait E_0x575fec26ec10;
    %load/vec4 v0x575fec2992b0_0;
    %cmpi/e 0, 0, 2;
    %flag_get/vec4 4;
    %jmp/0 T_5.2, 4;
    %load/vec4 v0x575fec298cb0_0;
    %nor/r;
    %and;
T_5.2;
    %flag_set/vec4 8;
    %jmp/0xz  T_5.0, 8;
    %load/vec4 v0x575fec298af0_0;
    %pad/u 32;
    %muli 143, 0, 32;
    %pushi/vec4 100000, 0, 32;
    %div;
    %pad/u 16;
    %assign/vec4 v0x575fec298bd0_0, 0;
T_5.0 ;
    %jmp T_5;
    .thread T_5;
    .scope S_0x575fec276c40;
T_6 ;
    %pushi/vec4 0, 0, 1;
    %store/vec4 v0x575fec299cd0_0, 0, 1;
    %pushi/vec4 1, 0, 1;
    %store/vec4 v0x575fec29a1d0_0, 0, 1;
    %pushi/vec4 0, 0, 1;
    %store/vec4 v0x575fec299f20_0, 0, 1;
    %end;
    .thread T_6;
    .scope S_0x575fec276c40;
T_7 ;
    %delay 41666, 0;
    %load/vec4 v0x575fec299cd0_0;
    %inv;
    %store/vec4 v0x575fec299cd0_0, 0, 1;
    %jmp T_7;
    .thread T_7;
    .scope S_0x575fec276c40;
T_8 ;
    %delay 200000, 0;
    %pushi/vec4 0, 0, 1;
    %store/vec4 v0x575fec29a1d0_0, 0, 1;
    %vpi_call 2 44 "$monitor", "time=%0t state=%b measure=%b echo=%b trig=%b RAW=%d cm=%d ready=%b", $time, v0x575fec29a270_0, v0x575fec299ff0_0, v0x575fec299f20_0, v0x575fec29a340_0, v0x575fec299dc0_0, v0x575fec299e80_0, v0x575fec29a130_0 {0 0 0};
    %delay 1410065408, 2;
    %vpi_call 2 51 "$finish" {0 0 0};
    %end;
    .thread T_8;
    .scope S_0x575fec276c40;
T_9 ;
    %delay 2000000, 0;
T_9.0 ;
    %wait E_0x575fec26e4a0;
    %delay 1000000, 0;
    %pushi/vec4 1, 0, 1;
    %store/vec4 v0x575fec299f20_0, 0, 1;
    %delay 5000000, 0;
    %pushi/vec4 0, 0, 1;
    %store/vec4 v0x575fec299f20_0, 0, 1;
    %jmp T_9.0;
    %end;
    .thread T_9;
    .scope S_0x575fec276c40;
T_10 ;
    %vpi_call 2 68 "$dumpfile", "wave.vcd" {0 0 0};
    %vpi_call 2 69 "$dumpvars", 32'sb00000000000000000000000000000000, S_0x575fec276c40 {0 0 0};
    %end;
    .thread T_10;
# The file index is used to find the file name in the following table.
:file_names 4;
    "N/A";
    "<interactive>";
    "ultra_sonic_sensor_tb.v";
    "./ultra_sonic_sensor.v";
